<?xml version="1.0" encoding="UTF-8"?>
<testng-results ignored="0" total="1" passed="1" failed="0" skipped="0">
  <reporter-output>
  </reporter-output>
  <suite started-at="2025-09-13T22:35:34 IST" name="API Test Suite" finished-at="2025-09-13T22:35:45 IST" duration-ms="10794">
    <groups>
    </groups>
    <test started-at="2025-09-13T22:35:34 IST" name="API Tests" finished-at="2025-09-13T22:35:45 IST" duration-ms="10794">
      <class name="com.api.tests.CreateBooking">
        <test-method signature="createBookingTest()[pri:0, instance:com.api.tests.CreateBooking@53bd8fca]" started-at="2025-09-13T22:35:34 IST" name="createBookingTest" finished-at="2025-09-13T22:35:45 IST" duration-ms="10748" status="PASS">
          <reporter-output>
          </reporter-output>
        </test-method> <!-- createBookingTest -->
      </class> <!-- com.api.tests.CreateBooking -->
    </test> <!-- API Tests -->
  </suite> <!-- API Test Suite -->
</testng-results>
